<?xml version="1.0" encoding="UTF-8"?>
<testng-results skipped="0" failed="0" ignored="0" total="1" passed="1">
  <reporter-output>
  </reporter-output>
  <suite name="Default suite" duration-ms="29990" started-at="2017-07-17T01:12:57Z" finished-at="2017-07-17T01:13:27Z">
    <groups>
    </groups>
    <test name="Default test" duration-ms="29990" started-at="2017-07-17T01:12:57Z" finished-at="2017-07-17T01:13:27Z">
      <class name="Test.SignInTest">
        <test-method status="PASS" signature="TestSignIn()[pri:0, instance:Test.SignInTest@4c5ae43b]" name="TestSignIn" duration-ms="29701" started-at="2017-07-16T21:12:57Z" finished-at="2017-07-16T21:13:27Z">
          <reporter-output>
          </reporter-output>
        </test-method> <!-- TestSignIn -->
      </class> <!-- Test.SignInTest -->
    </test> <!-- Default test -->
  </suite> <!-- Default suite -->
</testng-results>
